<?xml version="1.0" encoding="UTF-8"?>
<!-- Generated by org.testng.reporters.JUnitXMLReporter -->
<testsuite ignored="0" hostname="Shalinis-MacBook-Pro.local" failures="0" tests="6" name="Surefire test" time="190.263" errors="0" timestamp="2023-11-30T16:32:01 IST">
  <testcase classname="com.bschool.chats.bschoolAndroid.tests.ChatPageTest" name="eventPage_displayedTest" time="7.696"/>
  <testcase classname="com.bschool.chats.bschoolAndroid.tests.HomePageTest" name="homePage_displayedTest" time="3.901"/>
  <testcase classname="com.bschool.chats.bschoolAndroid.tests.EventPageTest" name="eventPage_addEventTest" time="34.113"/>
  <testcase classname="com.bschool.chats.bschoolAndroid.tests.EventPageTest" name="eventPage_displayedTest" time="7.132"/>
  <testcase classname="com.bschool.chats.bschoolAndroid.tests.EventPageTest" name="eventPage_editEvent" time="39.191"/>
  <testcase classname="com.bschool.chats.bschoolAndroid.tests.EventPageTest" name="eventPage_readDetails" time="34.165"/>
</testsuite> <!-- Surefire test -->
