<?xml version="1.0" encoding="UTF-8"?>
<!-- Generated by org.testng.reporters.JUnitXMLReporter -->
<testsuite ignored="3" hostname="Shalinis-MacBook-Pro.local" failures="0" tests="1" name="Default test" time="46.625" errors="0" timestamp="2023-11-29T13:35:01 IST">
  <testcase classname="com.bschool.chats.bschoolAndroid.tests.EventPageTest" name="eventPage_readDetails" time="33.164"/>
  <testcase classname="com.bschool.chats.bschoolAndroid.tests.EventPageTest" name="eventPage_displayedTest" time="0.0">
    <ignored/>
  </testcase> <!-- eventPage_displayedTest -->
  <testcase classname="com.bschool.chats.bschoolAndroid.tests.EventPageTest" name="eventPage_editEvent" time="0.0">
    <ignored/>
  </testcase> <!-- eventPage_editEvent -->
  <testcase classname="com.bschool.chats.bschoolAndroid.tests.EventPageTest" name="eventPage_addEventTest" time="0.0">
    <ignored/>
  </testcase> <!-- eventPage_addEventTest -->
</testsuite> <!-- Default test -->
