<?xml version="1.0" encoding="UTF-8"?>
<!-- Generated by org.testng.reporters.JUnitXMLReporter -->
<testsuite ignored="1" hostname="Shalinis-MacBook-Pro.local" failures="0" tests="1" name="Default test" time="66.799" errors="0" timestamp="2023-11-26T16:45:24 IST">
  <testcase classname="com.bschool.chats.bschoolAndroid.tests.EventPageTest" name="eventPage_addEventTest" time="51.447"/>
  <testcase classname="com.bschool.chats.bschoolAndroid.tests.EventPageTest" name="eventPage_displayedTest" time="0.0">
    <ignored/>
  </testcase> <!-- eventPage_displayedTest -->
</testsuite> <!-- Default test -->
