<?xml version="1.0" encoding="UTF-8"?>
<testng-results ignored="0" total="1" passed="1" failed="0" skipped="0">
  <reporter-output>
  </reporter-output>
  <suite started-at="2023-12-06T00:08:24 IST" name="Default suite" finished-at="2023-12-06T00:09:18 IST" duration-ms="54102">
    <groups>
      <group name="Regression">
        <method signature="EventPageTest.eventPage_readComments()[pri:0, instance:com.bschool.chats.bschoolAndroid.tests.EventPageTest@661972b0]" name="eventPage_readComments" class="com.bschool.chats.bschoolAndroid.tests.EventPageTest"/>
      </group> <!-- Regression -->
    </groups>
    <test started-at="2023-12-06T00:08:24 IST" name="Default test" finished-at="2023-12-06T00:09:18 IST" duration-ms="54102">
      <class name="com.bschool.chats.bschoolAndroid.tests.EventPageTest">
        <test-method is-config="true" signature="logintoApp()[pri:0, instance:com.bschool.chats.bschoolAndroid.tests.EventPageTest@661972b0]" started-at="2023-12-06T00:08:24 IST" name="logintoApp" finished-at="2023-12-06T00:08:37 IST" duration-ms="12844" status="PASS">
          <reporter-output>
          </reporter-output>
        </test-method> <!-- logintoApp -->
        <test-method signature="eventPage_readComments()[pri:0, instance:com.bschool.chats.bschoolAndroid.tests.EventPageTest@661972b0]" started-at="2023-12-06T00:08:37 IST" name="eventPage_readComments" finished-at="2023-12-06T00:09:18 IST" duration-ms="40966" status="PASS">
          <reporter-output>
          </reporter-output>
        </test-method> <!-- eventPage_readComments -->
        <test-method is-config="true" signature="tearDown()[pri:0, instance:com.bschool.chats.bschoolAndroid.tests.EventPageTest@661972b0]" started-at="2023-12-06T00:09:18 IST" name="tearDown" finished-at="2023-12-06T00:09:18 IST" duration-ms="265" status="PASS">
          <reporter-output>
          </reporter-output>
        </test-method> <!-- tearDown -->
      </class> <!-- com.bschool.chats.bschoolAndroid.tests.EventPageTest -->
    </test> <!-- Default test -->
  </suite> <!-- Default suite -->
</testng-results>
