<?xml version="1.0" encoding="UTF-8"?>
<testng-results ignored="0" total="1" passed="1" failed="0" skipped="0">
  <reporter-output>
  </reporter-output>
  <suite started-at="2023-11-29T23:49:50 IST" name="Default suite" finished-at="2023-11-29T23:50:13 IST" duration-ms="22725">
    <groups>
      <group name="Smoke">
        <method signature="ChatPageTest.eventPage_displayedTest()[pri:0, instance:com.bschool.chats.bschoolAndroid.tests.ChatPageTest@25ce9dc4]" name="eventPage_displayedTest" class="com.bschool.chats.bschoolAndroid.tests.ChatPageTest"/>
      </group> <!-- Smoke -->
    </groups>
    <test started-at="2023-11-29T23:49:50 IST" name="Default test" finished-at="2023-11-29T23:50:13 IST" duration-ms="22725">
      <class name="com.bschool.chats.bschoolAndroid.tests.ChatPageTest">
        <test-method is-config="true" signature="logintoApp()[pri:0, instance:com.bschool.chats.bschoolAndroid.tests.ChatPageTest@25ce9dc4]" started-at="2023-11-29T23:49:50 IST" name="logintoApp" finished-at="2023-11-29T23:50:04 IST" duration-ms="14106" status="PASS">
          <reporter-output>
          </reporter-output>
        </test-method> <!-- logintoApp -->
        <test-method signature="eventPage_displayedTest()[pri:0, instance:com.bschool.chats.bschoolAndroid.tests.ChatPageTest@25ce9dc4]" started-at="2023-11-29T23:50:04 IST" name="eventPage_displayedTest" finished-at="2023-11-29T23:50:12 IST" duration-ms="7548" status="PASS">
          <reporter-output>
          </reporter-output>
        </test-method> <!-- eventPage_displayedTest -->
        <test-method is-config="true" signature="tearDown()[pri:0, instance:com.bschool.chats.bschoolAndroid.tests.ChatPageTest@25ce9dc4]" started-at="2023-11-29T23:50:12 IST" name="tearDown" finished-at="2023-11-29T23:50:13 IST" duration-ms="999" status="PASS">
          <reporter-output>
          </reporter-output>
        </test-method> <!-- tearDown -->
      </class> <!-- com.bschool.chats.bschoolAndroid.tests.ChatPageTest -->
    </test> <!-- Default test -->
  </suite> <!-- Default suite -->
</testng-results>
